C:\Program Files\Microsoft Visual Studio\2022\Community\MSBuild\Microsoft\VC\v170\Microsoft.CppBuild.targets(531,5): warning MSB8028: The intermediate directory (CSC8503CoreClasses.dir\Debug\) contains files shared from another project (CSC8503CoreClasses.vcxproj, CSC8503CoreClasses.vcxproj, CSC8503CoreClasses.vcxproj).  This can lead to incorrect clean and rebuild behavior.
  TutorialGame.cpp
C:\Users\mlhum\source\repos\CSC8503-NetworkCodebase\CSC8503 Code 2024\CSC8503\TutorialGame.cpp(545,75): warning C4244: 'argument': conversion from 'int' to 'T', possible loss of data
C:\Users\mlhum\source\repos\CSC8503-NetworkCodebase\CSC8503 Code 2024\CSC8503\TutorialGame.cpp(545,75): warning C4244:         with
C:\Users\mlhum\source\repos\CSC8503-NetworkCodebase\CSC8503 Code 2024\CSC8503\TutorialGame.cpp(545,75): warning C4244:         [
C:\Users\mlhum\source\repos\CSC8503-NetworkCodebase\CSC8503 Code 2024\CSC8503\TutorialGame.cpp(545,75): warning C4244:             T=float
C:\Users\mlhum\source\repos\CSC8503-NetworkCodebase\CSC8503 Code 2024\CSC8503\TutorialGame.cpp(545,75): warning C4244:         ]
C:\Users\mlhum\source\repos\CSC8503-NetworkCodebase\CSC8503 Code 2024\CSC8503\TutorialGame.cpp(545,60): warning C4244: 'argument': conversion from 'int' to 'T', possible loss of data
C:\Users\mlhum\source\repos\CSC8503-NetworkCodebase\CSC8503 Code 2024\CSC8503\TutorialGame.cpp(545,60): warning C4244:         with
C:\Users\mlhum\source\repos\CSC8503-NetworkCodebase\CSC8503 Code 2024\CSC8503\TutorialGame.cpp(545,60): warning C4244:         [
C:\Users\mlhum\source\repos\CSC8503-NetworkCodebase\CSC8503 Code 2024\CSC8503\TutorialGame.cpp(545,60): warning C4244:             T=float
C:\Users\mlhum\source\repos\CSC8503-NetworkCodebase\CSC8503 Code 2024\CSC8503\TutorialGame.cpp(545,60): warning C4244:         ]
C:\Users\mlhum\source\repos\CSC8503-NetworkCodebase\CSC8503 Code 2024\CSC8503\TutorialGame.cpp(546,80): warning C4244: 'argument': conversion from 'int' to 'T', possible loss of data
C:\Users\mlhum\source\repos\CSC8503-NetworkCodebase\CSC8503 Code 2024\CSC8503\TutorialGame.cpp(546,80): warning C4244:         with
C:\Users\mlhum\source\repos\CSC8503-NetworkCodebase\CSC8503 Code 2024\CSC8503\TutorialGame.cpp(546,80): warning C4244:         [
C:\Users\mlhum\source\repos\CSC8503-NetworkCodebase\CSC8503 Code 2024\CSC8503\TutorialGame.cpp(546,80): warning C4244:             T=float
C:\Users\mlhum\source\repos\CSC8503-NetworkCodebase\CSC8503 Code 2024\CSC8503\TutorialGame.cpp(546,80): warning C4244:         ]
C:\Users\mlhum\source\repos\CSC8503-NetworkCodebase\CSC8503 Code 2024\CSC8503\TutorialGame.cpp(546,65): warning C4244: 'argument': conversion from 'int' to 'T', possible loss of data
C:\Users\mlhum\source\repos\CSC8503-NetworkCodebase\CSC8503 Code 2024\CSC8503\TutorialGame.cpp(546,65): warning C4244:         with
C:\Users\mlhum\source\repos\CSC8503-NetworkCodebase\CSC8503 Code 2024\CSC8503\TutorialGame.cpp(546,65): warning C4244:         [
C:\Users\mlhum\source\repos\CSC8503-NetworkCodebase\CSC8503 Code 2024\CSC8503\TutorialGame.cpp(546,65): warning C4244:             T=float
C:\Users\mlhum\source\repos\CSC8503-NetworkCodebase\CSC8503 Code 2024\CSC8503\TutorialGame.cpp(546,65): warning C4244:         ]
  CSC8503.vcxproj -> C:\Users\mlhum\source\repos\CSC8503-NetworkCodebase\CSC8503 Code 2024\x64\Debug\CSC8503.exe
